<?xml version="1.0" encoding="UTF-8"?>
<testsuite xmlns:xsi="http://www.w3.org/2001/XMLSchema-instance" xsi:noNamespaceSchemaLocation="https://maven.apache.org/surefire/maven-surefire-plugin/xsd/surefire-test-report.xsd" version="3.0.1" name="programmer.zaman.now.test.ConditionalTest" time="0.013" tests="10" errors="0" skipped="5" failures="0">
  <properties>
    <property name="java.specification.version" value="17"/>
    <property name="sun.jnu.encoding" value="UTF-8"/>
    <property name="java.class.path" value="/Users/indra/Development/Java/belajar-java-unit-test/target/test-classes:/Users/indra/Development/Java/belajar-java-unit-test/target/classes:/Users/indra/.m2/repository/org/junit/jupiter/junit-jupiter-api/5.11.0/junit-jupiter-api-5.11.0.jar:/Users/indra/.m2/repository/org/opentest4j/opentest4j/1.3.0/opentest4j-1.3.0.jar:/Users/indra/.m2/repository/org/junit/platform/junit-platform-commons/1.11.0/junit-platform-commons-1.11.0.jar:/Users/indra/.m2/repository/org/apiguardian/apiguardian-api/1.1.2/apiguardian-api-1.1.2.jar:/Users/indra/.m2/repository/org/junit/jupiter/junit-jupiter/6.0.0-RC3/junit-jupiter-6.0.0-RC3.jar:/Users/indra/.m2/repository/org/junit/jupiter/junit-jupiter-params/5.11.0/junit-jupiter-params-5.11.0.jar:/Users/indra/.m2/repository/org/junit/jupiter/junit-jupiter-engine/5.11.0/junit-jupiter-engine-5.11.0.jar:/Users/indra/.m2/repository/org/junit/platform/junit-platform-engine/1.11.0/junit-platform-engine-1.11.0.jar:"/>
    <property name="java.vm.vendor" value="Oracle Corporation"/>
    <property name="sun.arch.data.model" value="64"/>
    <property name="java.vendor.url" value="https://java.oracle.com/"/>
    <property name="os.name" value="Mac OS X"/>
    <property name="java.vm.specification.version" value="17"/>
    <property name="sun.java.launcher" value="SUN_STANDARD"/>
    <property name="user.country" value="ID"/>
    <property name="sun.boot.library.path" value="/Users/indra/Tools/jdk-17/Contents/Home/lib"/>
    <property name="sun.java.command" value="/Users/indra/Development/Java/belajar-java-unit-test/target/surefire/surefirebooter-20250923210225212_3.jar /Users/indra/Development/Java/belajar-java-unit-test/target/surefire 2025-09-23T21-02-25_158-jvmRun1 surefire-20250923210225212_1tmp surefire_0-20250923210225212_2tmp"/>
    <property name="http.nonProxyHosts" value="local|*.local|169.254/16|*.169.254/16"/>
    <property name="jdk.debug" value="release"/>
    <property name="surefire.test.class.path" value="/Users/indra/Development/Java/belajar-java-unit-test/target/test-classes:/Users/indra/Development/Java/belajar-java-unit-test/target/classes:/Users/indra/.m2/repository/org/junit/jupiter/junit-jupiter-api/5.11.0/junit-jupiter-api-5.11.0.jar:/Users/indra/.m2/repository/org/opentest4j/opentest4j/1.3.0/opentest4j-1.3.0.jar:/Users/indra/.m2/repository/org/junit/platform/junit-platform-commons/1.11.0/junit-platform-commons-1.11.0.jar:/Users/indra/.m2/repository/org/apiguardian/apiguardian-api/1.1.2/apiguardian-api-1.1.2.jar:/Users/indra/.m2/repository/org/junit/jupiter/junit-jupiter/6.0.0-RC3/junit-jupiter-6.0.0-RC3.jar:/Users/indra/.m2/repository/org/junit/jupiter/junit-jupiter-params/5.11.0/junit-jupiter-params-5.11.0.jar:/Users/indra/.m2/repository/org/junit/jupiter/junit-jupiter-engine/5.11.0/junit-jupiter-engine-5.11.0.jar:/Users/indra/.m2/repository/org/junit/platform/junit-platform-engine/1.11.0/junit-platform-engine-1.11.0.jar:"/>
    <property name="sun.cpu.endian" value="little"/>
    <property name="user.home" value="/Users/indra"/>
    <property name="user.language" value="en"/>
    <property name="java.specification.vendor" value="Oracle Corporation"/>
    <property name="java.version.date" value="2025-04-15"/>
    <property name="java.home" value="/Users/indra/Tools/jdk-17/Contents/Home"/>
    <property name="file.separator" value="/"/>
    <property name="basedir" value="/Users/indra/Development/Java/belajar-java-unit-test"/>
    <property name="java.vm.compressedOopsMode" value="Zero based"/>
    <property name="line.separator" value="&#10;"/>
    <property name="java.specification.name" value="Java Platform API Specification"/>
    <property name="java.vm.specification.vendor" value="Oracle Corporation"/>
    <property name="surefire.real.class.path" value="/Users/indra/Development/Java/belajar-java-unit-test/target/surefire/surefirebooter-20250923210225212_3.jar"/>
    <property name="sun.management.compiler" value="HotSpot 64-Bit Tiered Compilers"/>
    <property name="ftp.nonProxyHosts" value="local|*.local|169.254/16|*.169.254/16"/>
    <property name="java.runtime.version" value="17.0.15+9-LTS-241"/>
    <property name="user.name" value="indra"/>
    <property name="path.separator" value=":"/>
    <property name="os.version" value="26.0"/>
    <property name="java.runtime.name" value="Java(TM) SE Runtime Environment"/>
    <property name="file.encoding" value="UTF-8"/>
    <property name="java.vm.name" value="Java HotSpot(TM) 64-Bit Server VM"/>
    <property name="localRepository" value="/Users/indra/.m2/repository"/>
    <property name="java.vendor.url.bug" value="https://bugreport.java.com/bugreport/"/>
    <property name="java.io.tmpdir" value="/var/folders/1r/9xk3kpp92hj00sld1zkklkwr0000gn/T/"/>
    <property name="java.version" value="17.0.15"/>
    <property name="user.dir" value="/Users/indra/Development/Java/belajar-java-unit-test"/>
    <property name="os.arch" value="aarch64"/>
    <property name="java.vm.specification.name" value="Java Virtual Machine Specification"/>
    <property name="native.encoding" value="UTF-8"/>
    <property name="java.library.path" value="/Users/indra/Library/Java/Extensions:/Library/Java/Extensions:/Network/Library/Java/Extensions:/System/Library/Java/Extensions:/usr/lib/java:."/>
    <property name="java.vm.info" value="mixed mode, sharing"/>
    <property name="java.vendor" value="Oracle Corporation"/>
    <property name="java.vm.version" value="17.0.15+9-LTS-241"/>
    <property name="java.specification.maintenance.version" value="1"/>
    <property name="sun.io.unicode.encoding" value="UnicodeBig"/>
    <property name="socksNonProxyHosts" value="local|*.local|169.254/16|*.169.254/16"/>
    <property name="java.class.version" value="61.0"/>
  </properties>
  <testcase name="testEnabledRunJre" classname="programmer.zaman.now.test.ConditionalTest" time="0.0">
    <skipped message="Disabled on JRE version: 17.0.15"/>
  </testcase>
  <testcase name="testDisabledOnJavaVendor" classname="programmer.zaman.now.test.ConditionalTest" time="0.0">
    <skipped message="System property [java.vendor] with value [Oracle Corporation] matches regular expression [Oracle Corporation]"/>
  </testcase>
  <testcase name="testEnabledJava11To17" classname="programmer.zaman.now.test.ConditionalTest" time="0.001"/>
  <testcase name="testEnabledOnProfileDev" classname="programmer.zaman.now.test.ConditionalTest" time="0.0">
    <skipped message="Environment variable [PROFILE] does not exist"/>
  </testcase>
  <testcase name="testEnabledOnJavaVendor" classname="programmer.zaman.now.test.ConditionalTest" time="0.001"/>
  <testcase name="testDisabledJre" classname="programmer.zaman.now.test.ConditionalTest" time="0.001"/>
  <testcase name="testDisabledJava11To17" classname="programmer.zaman.now.test.ConditionalTest" time="0.0">
    <skipped message="Disabled on JRE version: 17.0.15"/>
  </testcase>
  <testcase name="testDisabledOnlyWindows" classname="programmer.zaman.now.test.ConditionalTest" time="0.0"/>
  <testcase name="testEnabledOnlyWindows" classname="programmer.zaman.now.test.ConditionalTest" time="0.0">
    <skipped message="Disabled on operating system: Mac OS X"/>
  </testcase>
  <testcase name="testDisabledOnProfileDev" classname="programmer.zaman.now.test.ConditionalTest" time="0.002"/>
</testsuite>